<?xml version="1.0" encoding="UTF-8"?>
<testng-results ignored="0" total="1" passed="1" failed="0" skipped="0">
  <reporter-output>
  </reporter-output>
  <suite started-at="2024-02-05T11:06:01 IST" name="Default suite" finished-at="2024-02-05T11:07:11 IST" duration-ms="70190">
    <groups>
    </groups>
    <test started-at="2024-02-05T11:06:01 IST" name="Default test" finished-at="2024-02-05T11:07:11 IST" duration-ms="70190">
      <class name="test.Orbitz_test">
        <test-method is-config="true" signature="setup()[pri:0, instance:test.Orbitz_test@47af7f3d]" started-at="2024-02-05T11:06:01 IST" name="setup" finished-at="2024-02-05T11:06:02 IST" duration-ms="1613" status="PASS">
          <reporter-output>
          </reporter-output>
        </test-method> <!-- setup -->
        <test-method is-config="true" signature="urlload()[pri:0, instance:test.Orbitz_test@47af7f3d]" started-at="2024-02-05T11:06:02 IST" name="urlload" finished-at="2024-02-05T11:06:07 IST" duration-ms="5281" status="PASS">
          <reporter-output>
          </reporter-output>
        </test-method> <!-- urlload -->
        <test-method signature="test()[pri:0, instance:test.Orbitz_test@47af7f3d]" started-at="2024-02-05T11:06:07 IST" name="test" finished-at="2024-02-05T11:07:11 IST" duration-ms="63255" status="PASS">
          <reporter-output>
          </reporter-output>
        </test-method> <!-- test -->
      </class> <!-- test.Orbitz_test -->
    </test> <!-- Default test -->
  </suite> <!-- Default suite -->
</testng-results>
